C51 COMPILER V9.51   MAIN                                                                  05/25/2019 18:04:20 PAGE 1   


C51 COMPILER V9.51, COMPILATION OF MODULE MAIN
OBJECT MODULE PLACED IN .\DP8051\DP8051_Keil_951\Debug\main.obj
COMPILER INVOKED BY: C:\Program Files (x86)\Cypress\PSoC Creator\4.2\PSoC Creator\import\keil\pk51\9.51\C51\BIN\c51.exe 
                    -main.c NOIV LARGE MODDP2 OMF2 VB(1) NOIP INCDIR(.,Generated_Source\PSoC3) FF(3) DB DF(DEBUG) WL(2) PR(.\DP8051\DP8051_Ke
                    -il_951\Debug/main.lst) CD OT(2,SIZE) OJ(.\DP8051\DP8051_Keil_951\Debug\main.obj)

line level    source

   1          /* ========================================
   2           *
   3           * Simple Breathing LED Project 
   4           *
   5           * ========================================
   6          */
   7          #include "project.h"
   8          
   9          void led_breathe_fast (void)
  10          {
  11   1          PWM_3_Start();
  12   1          PWM_4_Start();
  13   1      }
  14          
  15          void led_breathe_slow (void)
  16          {
  17   1          PWM_1_Start();
  18   1          PWM_2_Start();
  19   1      }
  20              
  21          int main(void)
  22          {
  23   1          CyGlobalIntEnable; // Enable global interrupts
  24   1      
  25   1          // Startup code begin
  26   1          led_breathe_fast();
  27   1          led_breathe_slow();
  28   1          // Startup code end
  29   1      
  30   1          for(;;){}
  31   1      }
C51 COMPILER V9.51   MAIN                                                                  05/25/2019 18:04:20 PAGE 2   

ASSEMBLY LISTING OF GENERATED OBJECT CODE


             ; FUNCTION led_breathe_fast (BEGIN)
                                           ; SOURCE LINE # 9
                                           ; SOURCE LINE # 10
                                           ; SOURCE LINE # 11
0000 120000      E     LCALL   PWM_3_Start
                                           ; SOURCE LINE # 12
0003 120000      E     LCALL   PWM_4_Start
                                           ; SOURCE LINE # 13
0006 22                RET     
             ; FUNCTION led_breathe_fast (END)

             ; FUNCTION led_breathe_slow (BEGIN)
                                           ; SOURCE LINE # 15
                                           ; SOURCE LINE # 16
                                           ; SOURCE LINE # 17
0000 120000      E     LCALL   PWM_1_Start
                                           ; SOURCE LINE # 18
0003 120000      E     LCALL   PWM_2_Start
                                           ; SOURCE LINE # 19
0006 22                RET     
             ; FUNCTION led_breathe_slow (END)

             ; FUNCTION main (BEGIN)
                                           ; SOURCE LINE # 21
                                           ; SOURCE LINE # 22
                                           ; SOURCE LINE # 23
0000 D2AF              SETB    EA
0002 9044F4            MOV     DPTR,#044F4H
0005 74FD              MOV     A,#0FDH
0007 F0                MOVX    @DPTR,A
                                           ; SOURCE LINE # 26
0008 120000      R     LCALL   led_breathe_fast
                                           ; SOURCE LINE # 27
000B 120000      R     LCALL   led_breathe_slow
                                           ; SOURCE LINE # 30
000E         ?C0003:
000E 80FE              SJMP    ?C0003
0010 22                RET     
             ; FUNCTION main (END)



MODULE INFORMATION:   STATIC OVERLAYABLE
   CODE SIZE        =     31    ----
   CONSTANT SIZE    =   ----    ----
   XDATA SIZE       =   ----    ----
   PDATA SIZE       =   ----    ----
   DATA SIZE        =   ----    ----
   IDATA SIZE       =   ----    ----
   BIT SIZE         =   ----    ----
   EDATA SIZE       =   ----    ----
   HDATA SIZE       =   ----    ----
   XDATA CONST SIZE =   ----    ----
   FAR CONST SIZE   =   ----    ----
END OF MODULE INFORMATION.


C51 COMPILATION COMPLETE.  0 WARNING(S),  0 ERROR(S)
